Performing C++ SOURCE FILE Test CMAKE_HAVE_LIBC_PTHREAD failed with the following output:
Change Dir: /home/misza/studia/sem3/pw/projekt++/PageRank/CMakeFiles/CMakeTmp

Run Build Command(s):/usr/bin/make cmTC_3ee84/fast && /usr/bin/make  -f CMakeFiles/cmTC_3ee84.dir/build.make CMakeFiles/cmTC_3ee84.dir/build
make[1]: Entering directory '/home/misza/studia/sem3/pw/projekt++/PageRank/CMakeFiles/CMakeTmp'
Building CXX object CMakeFiles/cmTC_3ee84.dir/src.cxx.o
/usr/bin/c++    -DCMAKE_HAVE_LIBC_PTHREAD   -o CMakeFiles/cmTC_3ee84.dir/src.cxx.o -c /home/misza/studia/sem3/pw/projekt++/PageRank/CMakeFiles/CMakeTmp/src.cxx
Linking CXX executable cmTC_3ee84
/usr/local/bin/cmake -E cmake_link_script CMakeFiles/cmTC_3ee84.dir/link.txt --verbose=1
/usr/bin/c++   -DCMAKE_HAVE_LIBC_PTHREAD    -rdynamic CMakeFiles/cmTC_3ee84.dir/src.cxx.o  -o cmTC_3ee84 
/usr/bin/ld: CMakeFiles/cmTC_3ee84.dir/src.cxx.o: in function `main':
src.cxx:(.text+0x46): undefined reference to `pthread_create'
/usr/bin/ld: src.cxx:(.text+0x52): undefined reference to `pthread_detach'
/usr/bin/ld: src.cxx:(.text+0x5e): undefined reference to `pthread_cancel'
/usr/bin/ld: src.cxx:(.text+0x6f): undefined reference to `pthread_join'
collect2: error: ld returned 1 exit status
make[1]: *** [CMakeFiles/cmTC_3ee84.dir/build.make:107: cmTC_3ee84] Error 1
make[1]: Leaving directory '/home/misza/studia/sem3/pw/projekt++/PageRank/CMakeFiles/CMakeTmp'
make: *** [Makefile:141: cmTC_3ee84/fast] Error 2


Source file was:
#include <pthread.h>

void* test_func(void* data)
{
  return data;
}

int main(void)
{
  pthread_t thread;
  pthread_create(&thread, NULL, test_func, NULL);
  pthread_detach(thread);
  pthread_cancel(thread);
  pthread_join(thread, NULL);
  pthread_atfork(NULL, NULL, NULL);
  pthread_exit(NULL);

  return 0;
}

Determining if the function pthread_create exists in the pthreads failed with the following output:
Change Dir: /home/misza/studia/sem3/pw/projekt++/PageRank/CMakeFiles/CMakeTmp

Run Build Command(s):/usr/bin/make cmTC_55c5e/fast && /usr/bin/make  -f CMakeFiles/cmTC_55c5e.dir/build.make CMakeFiles/cmTC_55c5e.dir/build
make[1]: Entering directory '/home/misza/studia/sem3/pw/projekt++/PageRank/CMakeFiles/CMakeTmp'
Building CXX object CMakeFiles/cmTC_55c5e.dir/CheckFunctionExists.cxx.o
/usr/bin/c++    -DCHECK_FUNCTION_EXISTS=pthread_create   -o CMakeFiles/cmTC_55c5e.dir/CheckFunctionExists.cxx.o -c /home/misza/studia/sem3/pw/projekt++/PageRank/CMakeFiles/CheckLibraryExists/CheckFunctionExists.cxx
Linking CXX executable cmTC_55c5e
/usr/local/bin/cmake -E cmake_link_script CMakeFiles/cmTC_55c5e.dir/link.txt --verbose=1
/usr/bin/c++   -DCHECK_FUNCTION_EXISTS=pthread_create    -rdynamic CMakeFiles/cmTC_55c5e.dir/CheckFunctionExists.cxx.o  -o cmTC_55c5e  -lpthreads 
/usr/bin/ld: cannot find -lpthreads
collect2: error: ld returned 1 exit status
make[1]: *** [CMakeFiles/cmTC_55c5e.dir/build.make:107: cmTC_55c5e] Error 1
make[1]: Leaving directory '/home/misza/studia/sem3/pw/projekt++/PageRank/CMakeFiles/CMakeTmp'
make: *** [Makefile:141: cmTC_55c5e/fast] Error 2



Performing C++ SOURCE FILE Test CMAKE_HAVE_LIBC_PTHREAD failed with the following output:
Change Dir: /home/misza/studia/sem3/pw/PageRank/CMakeFiles/CMakeTmp

Run Build Command(s):/usr/bin/make cmTC_2a8ee/fast && /usr/bin/make  -f CMakeFiles/cmTC_2a8ee.dir/build.make CMakeFiles/cmTC_2a8ee.dir/build
make[1]: Entering directory '/home/misza/studia/sem3/pw/PageRank/CMakeFiles/CMakeTmp'
Building CXX object CMakeFiles/cmTC_2a8ee.dir/src.cxx.o
/usr/bin/c++    -DCMAKE_HAVE_LIBC_PTHREAD   -o CMakeFiles/cmTC_2a8ee.dir/src.cxx.o -c /home/misza/studia/sem3/pw/PageRank/CMakeFiles/CMakeTmp/src.cxx
Linking CXX executable cmTC_2a8ee
/usr/local/bin/cmake -E cmake_link_script CMakeFiles/cmTC_2a8ee.dir/link.txt --verbose=1
/usr/bin/c++   -DCMAKE_HAVE_LIBC_PTHREAD    -rdynamic CMakeFiles/cmTC_2a8ee.dir/src.cxx.o  -o cmTC_2a8ee 
/usr/bin/ld: CMakeFiles/cmTC_2a8ee.dir/src.cxx.o: in function `main':
src.cxx:(.text+0x46): undefined reference to `pthread_create'
/usr/bin/ld: src.cxx:(.text+0x52): undefined reference to `pthread_detach'
/usr/bin/ld: src.cxx:(.text+0x5e): undefined reference to `pthread_cancel'
/usr/bin/ld: src.cxx:(.text+0x6f): undefined reference to `pthread_join'
collect2: error: ld returned 1 exit status
make[1]: *** [CMakeFiles/cmTC_2a8ee.dir/build.make:107: cmTC_2a8ee] Error 1
make[1]: Leaving directory '/home/misza/studia/sem3/pw/PageRank/CMakeFiles/CMakeTmp'
make: *** [Makefile:141: cmTC_2a8ee/fast] Error 2


Source file was:
#include <pthread.h>

void* test_func(void* data)
{
  return data;
}

int main(void)
{
  pthread_t thread;
  pthread_create(&thread, NULL, test_func, NULL);
  pthread_detach(thread);
  pthread_cancel(thread);
  pthread_join(thread, NULL);
  pthread_atfork(NULL, NULL, NULL);
  pthread_exit(NULL);

  return 0;
}

Determining if the function pthread_create exists in the pthreads failed with the following output:
Change Dir: /home/misza/studia/sem3/pw/PageRank/CMakeFiles/CMakeTmp

Run Build Command(s):/usr/bin/make cmTC_410ec/fast && /usr/bin/make  -f CMakeFiles/cmTC_410ec.dir/build.make CMakeFiles/cmTC_410ec.dir/build
make[1]: Entering directory '/home/misza/studia/sem3/pw/PageRank/CMakeFiles/CMakeTmp'
Building CXX object CMakeFiles/cmTC_410ec.dir/CheckFunctionExists.cxx.o
/usr/bin/c++    -DCHECK_FUNCTION_EXISTS=pthread_create   -o CMakeFiles/cmTC_410ec.dir/CheckFunctionExists.cxx.o -c /home/misza/studia/sem3/pw/PageRank/CMakeFiles/CheckLibraryExists/CheckFunctionExists.cxx
Linking CXX executable cmTC_410ec
/usr/local/bin/cmake -E cmake_link_script CMakeFiles/cmTC_410ec.dir/link.txt --verbose=1
/usr/bin/c++   -DCHECK_FUNCTION_EXISTS=pthread_create    -rdynamic CMakeFiles/cmTC_410ec.dir/CheckFunctionExists.cxx.o  -o cmTC_410ec  -lpthreads 
/usr/bin/ld: cannot find -lpthreads
collect2: error: ld returned 1 exit status
make[1]: *** [CMakeFiles/cmTC_410ec.dir/build.make:107: cmTC_410ec] Error 1
make[1]: Leaving directory '/home/misza/studia/sem3/pw/PageRank/CMakeFiles/CMakeTmp'
make: *** [Makefile:141: cmTC_410ec/fast] Error 2



Determining if the pthread_create exist failed with the following output:
Change Dir: /home/students/inf/m/ms420826/studia/sem3/pw/PageRank/CMakeFiles/CMakeTmp

Run Build Command:"/usr/bin/make" "cmTC_36249/fast"
/usr/bin/make -f CMakeFiles/cmTC_36249.dir/build.make CMakeFiles/cmTC_36249.dir/build
make[1]: Wejście do katalogu '/home/students/inf/m/ms420826/studia/sem3/pw/PageRank/CMakeFiles/CMakeTmp'
Building CXX object CMakeFiles/cmTC_36249.dir/CheckSymbolExists.cxx.o
/usr/bin/c++     -o CMakeFiles/cmTC_36249.dir/CheckSymbolExists.cxx.o -c /home/students/inf/m/ms420826/studia/sem3/pw/PageRank/CMakeFiles/CMakeTmp/CheckSymbolExists.cxx
Linking CXX executable cmTC_36249
/usr/bin/cmake -E cmake_link_script CMakeFiles/cmTC_36249.dir/link.txt --verbose=1
/usr/bin/c++       -rdynamic CMakeFiles/cmTC_36249.dir/CheckSymbolExists.cxx.o  -o cmTC_36249 
/usr/bin/ld: CMakeFiles/cmTC_36249.dir/CheckSymbolExists.cxx.o: in function `main':
CheckSymbolExists.cxx:(.text+0x1b): undefined reference to `pthread_create'
collect2: error: ld returned 1 exit status
make[1]: *** [CMakeFiles/cmTC_36249.dir/build.make:87: cmTC_36249] Błąd 1
make[1]: Opuszczenie katalogu '/home/students/inf/m/ms420826/studia/sem3/pw/PageRank/CMakeFiles/CMakeTmp'
make: *** [Makefile:121: cmTC_36249/fast] Błąd 2

File /home/students/inf/m/ms420826/studia/sem3/pw/PageRank/CMakeFiles/CMakeTmp/CheckSymbolExists.cxx:
/* */
#include <pthread.h>

int main(int argc, char** argv)
{
  (void)argv;
#ifndef pthread_create
  return ((int*)(&pthread_create))[argc];
#else
  (void)argc;
  return 0;
#endif
}

Determining if the function pthread_create exists in the pthreads failed with the following output:
Change Dir: /home/students/inf/m/ms420826/studia/sem3/pw/PageRank/CMakeFiles/CMakeTmp

Run Build Command:"/usr/bin/make" "cmTC_ef72e/fast"
/usr/bin/make -f CMakeFiles/cmTC_ef72e.dir/build.make CMakeFiles/cmTC_ef72e.dir/build
make[1]: Wejście do katalogu '/home/students/inf/m/ms420826/studia/sem3/pw/PageRank/CMakeFiles/CMakeTmp'
Building CXX object CMakeFiles/cmTC_ef72e.dir/CheckFunctionExists.cxx.o
/usr/bin/c++    -DCHECK_FUNCTION_EXISTS=pthread_create   -o CMakeFiles/cmTC_ef72e.dir/CheckFunctionExists.cxx.o -c /home/students/inf/m/ms420826/studia/sem3/pw/PageRank/CMakeFiles/CheckLibraryExists/CheckFunctionExists.cxx
Linking CXX executable cmTC_ef72e
/usr/bin/cmake -E cmake_link_script CMakeFiles/cmTC_ef72e.dir/link.txt --verbose=1
/usr/bin/c++   -DCHECK_FUNCTION_EXISTS=pthread_create    -rdynamic CMakeFiles/cmTC_ef72e.dir/CheckFunctionExists.cxx.o  -o cmTC_ef72e -lpthreads 
/usr/bin/ld: cannot find -lpthreads
collect2: error: ld returned 1 exit status
make[1]: *** [CMakeFiles/cmTC_ef72e.dir/build.make:87: cmTC_ef72e] Błąd 1
make[1]: Opuszczenie katalogu '/home/students/inf/m/ms420826/studia/sem3/pw/PageRank/CMakeFiles/CMakeTmp'
make: *** [Makefile:121: cmTC_ef72e/fast] Błąd 2


